TN:
SF:src\theme.js
FNF:0
FNH:0
DA:3,2
LF:1
LH:1
BRF:0
BRH:0
end_of_record
TN:
SF:src\components\Navbar.jsx
FN:30,(anonymous_0)
FN:39,(anonymous_1)
FN:40,(anonymous_2)
FN:45,(anonymous_3)
FN:48,(anonymous_4)
FN:52,(anonymous_5)
FN:79,(anonymous_6)
FN:134,(anonymous_7)
FNF:8
FNH:6
FNDA:5,(anonymous_0)
FNDA:4,(anonymous_1)
FNDA:0,(anonymous_2)
FNDA:4,(anonymous_3)
FNDA:0,(anonymous_4)
FNDA:1,(anonymous_5)
FNDA:9,(anonymous_6)
FNDA:9,(anonymous_7)
DA:30,1
DA:31,5
DA:32,5
DA:33,5
DA:34,5
DA:35,4
DA:36,4
DA:37,4
DA:39,4
DA:40,4
DA:41,0
DA:44,4
DA:45,4
DA:48,4
DA:49,0
DA:52,4
DA:53,1
DA:54,1
DA:55,1
DA:57,0
DA:61,4
DA:68,4
DA:80,9
DA:96,4
DA:135,9
LF:25
LH:22
BRDA:62,0,0,1
BRDA:62,0,1,3
BRDA:64,1,0,1
BRDA:64,1,1,3
BRDA:86,2,0,3
BRDA:86,2,1,6
BRDA:100,3,0,0
BRDA:100,3,1,4
BRDA:105,4,0,0
BRDA:105,4,1,4
BRDA:109,5,0,4
BRDA:109,5,1,0
BRDA:127,6,0,1
BRDA:127,6,1,3
BRDA:141,7,0,3
BRDA:141,7,1,6
BRDA:151,8,0,1
BRDA:151,8,1,3
BRF:18
BRH:15
end_of_record
TN:
SF:src\pages\Home.jsx
FN:6,(anonymous_0)
FN:13,(anonymous_1)
FN:14,(anonymous_2)
FN:31,(anonymous_3)
FN:84,(anonymous_4)
FN:105,(anonymous_5)
FN:109,(anonymous_6)
FN:109,(anonymous_7)
FN:122,(anonymous_8)
FN:134,(anonymous_9)
FNF:10
FNH:10
FNDA:13,(anonymous_0)
FNDA:6,(anonymous_1)
FNDA:6,(anonymous_2)
FNDA:10,(anonymous_3)
FNDA:1,(anonymous_4)
FNDA:1,(anonymous_5)
FNDA:10,(anonymous_6)
FNDA:10,(anonymous_7)
FNDA:48,(anonymous_8)
FNDA:8,(anonymous_9)
DA:6,1
DA:7,13
DA:8,12
DA:9,12
DA:10,12
DA:11,12
DA:13,12
DA:14,6
DA:15,6
DA:16,6
DA:20,5
DA:21,4
DA:23,2
DA:24,2
DA:28,6
DA:31,12
DA:32,10
DA:33,10
DA:34,10
DA:37,12
DA:38,1
DA:45,11
DA:84,1
DA:105,1
DA:109,10
DA:110,10
DA:123,48
DA:135,8
LF:28
LH:28
BRDA:33,0,0,10
BRDA:33,0,1,2
BRDA:34,1,0,10
BRDA:34,1,1,9
BRDA:37,2,0,1
BRDA:37,2,1,11
BRDA:120,3,0,6
BRDA:120,3,1,5
BRF:8
BRH:8
end_of_record
TN:
SF:src\utils\testUtils.js
FN:8,(anonymous_0)
FN:21,(anonymous_1)
FN:24,(anonymous_2)
FN:44,(anonymous_3)
FN:47,(anonymous_4)
FNF:5
FNH:3
FNDA:9,(anonymous_0)
FNDA:1,(anonymous_1)
FNDA:3,(anonymous_2)
FNDA:0,(anonymous_3)
FNDA:0,(anonymous_4)
DA:8,2
DA:9,9
DA:11,9
DA:21,2
DA:22,1
DA:24,1
DA:26,3
DA:33,3
DA:36,3
DA:39,3
DA:44,2
DA:45,0
DA:47,0
DA:48,0
DA:53,0
DA:54,0
DA:58,0
LF:17
LH:11
BRDA:8,0,0,9
BRDA:8,1,0,9
BRF:2
BRH:2
end_of_record
